C51 COMPILER V9.02   MAIN                                                                  12/26/2021 22:33:20 PAGE 1   


C51 COMPILER V9.02, COMPILATION OF MODULE MAIN
OBJECT MODULE PLACED IN .\output\main.obj
COMPILER INVOKED BY: C:\Keil\C51\BIN\C51.EXE source\main.c OMF2 OPTIMIZE(9,SPEED) BROWSE DEBUG PRINT(.\lst\main.lst) OBJ
                    -ECT(.\output\main.obj)

line level    source

   1          #ifndef _MAIN_C_
   2          #define _MAIN_C_
   3          /*********************************************************************************************************
             -************/
   4          #include "include/ca51f1_config.h"              
   5          #include "include/ca51f1sfr.h"
   6          #include "include/ca51f1xsfr.h"
   7          #include "include/gpiodef_f1.h"
   8          
   9          #include "include/uart.h"
  10          #include "include/delay.h"
  11          #include <intrins.h>
  12          /*********************************************************************************************************
             -************/
  13          
  14          /*********************************************************************************************************
             -************
  15                  LVD复位例程
  16          
  17                  说明：LVD复位产生之后，LVD自身的电路并不会复位，寄存器LVDCON还会保持之前的状态，所以，
  18                        当LVD复位产生之后，如果VDD持续低于所设定的电压，芯片将会一直处于复位状态。
  19          **********************************************************************************************************
             -***********/
  20          #define LVDE(N)                 (N<<7)          //N=0~1
  21          #define LVDS_reset              (1<<6)
  22          #define LVDS_int                (0<<6)
  23          #define LVDF                    (1<<5)
  24          
  25          #define LVDTH_2p2V              0
  26          #define LVDTH_2p7V              1
  27          #define LVDTH_3p7V              2
  28          #define LVDTH_4p2V              3
  29          
  30          void main(void)
  31          {       
  32   1      #ifdef SYSCLK_16MHZ                                     //系统时钟为16MHz,设置CKDIV为0
                      CKDIV = 0;
              #endif
  35   1      
  36   1      #ifdef UART_EN
                      Uart_Initial(UART_BAUTRATE);    //初始化UART
              #endif
  39   1              
  40   1              EA = 1;                                                 //开全局中断
  41   1      
  42   1      #ifdef PRINT_EN
                      uart_printf("LVD Reset Demo Code\n");
              #endif
  45   1      
  46   1              LVDCON = LVDE(1) | LVDF | LVDS_reset | LVDTH_2p2V;      //设置LVD使能,设置LVD为复位模式,检测电压为2.2V
  47   1      //      LVDCON = LVDE(1) | LVDF | LVDS_reset | LVDTH_2p7V;      //设置LVD使能,设置LVD为复位模式,检测电压为2.7V  
  48   1      //      LVDCON = LVDE(1) | LVDF | LVDS_reset | LVDTH_3p7V;      //设置LVD使能,设置LVD为复位模式,检测电压为3.7V  
  49   1      //      LVDCON = LVDE(1) | LVDF | LVDS_reset | LVDTH_4p2V;      //设置LVD使能,设置LVD为复位模式,检测电压为4.2V
  50   1      
C51 COMPILER V9.02   MAIN                                                                  12/26/2021 22:33:20 PAGE 2   

  51   1              while(1)
  52   1              {
  53   2              }
  54   1      }
  55          #endif


MODULE INFORMATION:   STATIC OVERLAYABLE
   CODE SIZE        =      7    ----
   CONSTANT SIZE    =   ----    ----
   XDATA SIZE       =   ----    ----
   PDATA SIZE       =   ----    ----
   DATA SIZE        =   ----    ----
   IDATA SIZE       =   ----    ----
   BIT SIZE         =   ----    ----
   EDATA SIZE       =   ----    ----
   HDATA SIZE       =   ----    ----
   XDATA CONST SIZE =   ----    ----
   FAR CONST SIZE   =   ----    ----
END OF MODULE INFORMATION.


C51 COMPILATION COMPLETE.  0 WARNING(S),  0 ERROR(S)
