C51 COMPILER V9.02   MAIN                                                                  05/11/2022 23:39:07 PAGE 1   


C51 COMPILER V9.02, COMPILATION OF MODULE MAIN
OBJECT MODULE PLACED IN .\output\main.obj
COMPILER INVOKED BY: C:\Keil\C51\BIN\C51.EXE source\main.c OMF2 BROWSE DEBUG PRINT(.\lst\main.lst) OBJECT(.\output\main.
                    -obj)

line level    source

   1          #ifndef _MAIN_C_
   2          #define _MAIN_C_
   3          /*********************************************************************************************************
             -************/
   4          #include "include/ca51f_config.h"               
   5          #include "include/ca51f3sfr.h"
   6          #include "include/ca51f3xsfr.h"
   7          #include "include/gpiodef_f3.h"
   8          #include "include/system_clock.h"
   9          
  10          #include "include/uart.h"
  11          #include "include/delay.h"
  12          #include <intrins.h>
  13          /*********************************************************************************************************
             -************/
  14          #define INT_TIME                        10000   //定时时间，单位为us
  15          
  16          #define TH_VAL                          (unsigned char)((0x10000 - (INT_TIME*(FOSC/1000))/12000)>>8)
  17          #define TL_VAL                          (unsigned char)(0x10000 - (INT_TIME*(FOSC/1000))/12000)
  18          
  19          void TIMER1_ISR (void) interrupt 3      //每10ms产生中断
  20          {
  21   1              TH1 = TH_VAL;
  22   1              TL1 = TL_VAL;
  23   1              
  24   1      }
  25          void main(void)
  26          {       
  27   1      #ifdef LVD_RST_ENABLE
  28   1              LVDCON = 0xE1;                                  //设置LVD复位电压为2V
  29   1      #endif
  30   1              
  31   1      #if (SYSCLK_SRC == PLL)
                      Sys_Clk_Set_PLL(PLL_Multiple);  //设置系统时钟为PLL，PLL_Multiple为倍频倍数
              #endif
  34   1              
  35   1      #ifdef UART0_EN
                      Uart0_Initial(UART0_BAUTRATE);  //初始化UART0
              #endif
  38   1              
  39   1      #ifdef UART1_EN
                      Uart1_Initial(UART1_BAUTRATE);  //初始化UART1
              #endif
  42   1      
  43   1              EA = 1;                                                 //开全局中断
  44   1      
  45   1      #ifdef PRINT_EN
                      uart_printf("Timer1 Mode1 Demo Code\n");
              #endif
  48   1              
  49   1      
  50   1              TMOD = (TMOD&0xCF)|0x10;                //模式选择: 定时器1，模式1。
  51   1              TH1 = TH_VAL;                                   //高8位装初值
  52   1              TL1 = TL_VAL;                                   //低8位装初值
C51 COMPILER V9.02   MAIN                                                                  05/11/2022 23:39:07 PAGE 2   

  53   1              
  54   1              TR1 = 1;                                        //定时器1使能  
  55   1              ET1 = 1;                                        //定时器1中断使能
  56   1      //      PT1 = 1;                                        //设置定时器1中断优先级为高优先级
  57   1              
  58   1              while(1)
  59   1              {
  60   2      
  61   2              }
  62   1      }
  63          #endif


MODULE INFORMATION:   STATIC OVERLAYABLE
   CODE SIZE        =     35    ----
   CONSTANT SIZE    =   ----    ----
   XDATA SIZE       =   ----    ----
   PDATA SIZE       =   ----    ----
   DATA SIZE        =   ----    ----
   IDATA SIZE       =   ----    ----
   BIT SIZE         =   ----    ----
   EDATA SIZE       =   ----    ----
   HDATA SIZE       =   ----    ----
   XDATA CONST SIZE =   ----    ----
   FAR CONST SIZE   =   ----    ----
END OF MODULE INFORMATION.


C51 COMPILATION COMPLETE.  0 WARNING(S),  0 ERROR(S)
