C51 COMPILER V9.02   MAIN                                                                  12/26/2021 22:32:50 PAGE 1   


C51 COMPILER V9.02, COMPILATION OF MODULE MAIN
OBJECT MODULE PLACED IN .\output\main.obj
COMPILER INVOKED BY: C:\Keil\C51\BIN\C51.EXE source\main.c OMF2 OPTIMIZE(9,SPEED) BROWSE DEBUG PRINT(.\lst\main.lst) OBJ
                    -ECT(.\output\main.obj)

line level    source

   1          #ifndef _MAIN_C_
   2          #define _MAIN_C_
   3          /*********************************************************************************************************
             -************/
   4          #include "include/ca51f1_config.h"              
   5          #include "include/ca51f1sfr.h"
   6          #include "include/ca51f1xsfr.h"
   7          #include "include/gpiodef_f1.h"
   8          
   9          #include "include/uart.h"
  10          #include "include/delay.h"
  11          #include <intrins.h>
  12          /*********************************************************************************************************
             -************/
  13          
  14          /*********************************************************************************************************
             -************
  15                  LVD中断例程
  16          
  17                  说明：当LVD中断产生后，如果VDD持续低于所设定的电压，LVD中断也会重复地产生。
  18          **********************************************************************************************************
             -***********/
  19          #define LVDE(N)                 (N<<7)          //N=0~1
  20          #define LVDS_reset              (1<<6)
  21          #define LVDS_int                (0<<6)
  22          #define LVDF                    (1<<5)
  23          
  24          #define LVDTH_2p2V              0
  25          #define LVDTH_2p7V              1
  26          #define LVDTH_3p7V              2
  27          #define LVDTH_4p2V              3
  28          
  29          void LVD_ISR(void) interrupt 6          //LVD中断服务程序
  30          {
  31   1              if(LVDCON & LVDF)
  32   1              {
  33   2                      LVDCON |= LVDF;                     //清除LVD中断标志
  34   2      
  35   2              }               
  36   1      }
  37          void main(void)
  38          {       
  39   1      #ifdef SYSCLK_16MHZ                                     //系统时钟为16MHz,设置CKDIV为0
                      CKDIV = 0;
              #endif
  42   1      
  43   1      #ifdef UART_EN
                      Uart_Initial(UART_BAUTRATE);    //初始化UART
              #endif
  46   1              
  47   1              EA = 1;                                                 //开全局中断
  48   1      
  49   1      #ifdef PRINT_EN
                      uart_printf("LVD Interrupt Demo Code\n");
C51 COMPILER V9.02   MAIN                                                                  12/26/2021 22:32:50 PAGE 2   

              #endif
  52   1              
  53   1              LVDCON = LVDE(1) | LVDF | LVDS_int | LVDTH_2p2V;        //设置LVD使能,设置LVD为中断模式,检测电压为2.2V
  54   1      //      LVDCON = LVDE(1) | LVDF | LVDS_int | LVDTH_2p7V;        //设置LVD使能,设置LVD为中断模式,检测电压为2.7V  
  55   1      //      LVDCON = LVDE(1) | LVDF | LVDS_int | LVDTH_3p7V;        //设置LVD使能,设置LVD为中断模式,检测电压为3.7V  
  56   1      //      LVDCON = LVDE(1) | LVDF | LVDS_int | LVDTH_4p2V;        //设置LVD使能,设置LVD为中断模式,检测电压为4.2V
  57   1      
  58   1              INT4EN = 1;                                     //INT4 中断使能
  59   1      
  60   1              while(1)
  61   1              {
  62   2              }
  63   1      }
  64          #endif


MODULE INFORMATION:   STATIC OVERLAYABLE
   CODE SIZE        =     25    ----
   CONSTANT SIZE    =   ----    ----
   XDATA SIZE       =   ----    ----
   PDATA SIZE       =   ----    ----
   DATA SIZE        =   ----    ----
   IDATA SIZE       =   ----    ----
   BIT SIZE         =   ----    ----
   EDATA SIZE       =   ----    ----
   HDATA SIZE       =   ----    ----
   XDATA CONST SIZE =   ----    ----
   FAR CONST SIZE   =   ----    ----
END OF MODULE INFORMATION.


C51 COMPILATION COMPLETE.  0 WARNING(S),  0 ERROR(S)
