C51 COMPILER V9.02   MAIN                                                                  05/10/2022 15:26:21 PAGE 1   


C51 COMPILER V9.02, COMPILATION OF MODULE MAIN
OBJECT MODULE PLACED IN .\output\main.obj
COMPILER INVOKED BY: C:\Keil\C51\BIN\C51.EXE source\main.c OMF2 BROWSE DEBUG PRINT(.\lst\main.lst) OBJECT(.\output\main.
                    -obj)

line level    source

   1          
   2          #ifndef _MAIN_C_
   3          #define _MAIN_C_
   4          /*********************************************************************************************************
             -************/
   5          #include "include/ca51f_config.h"               
   6          #include "include/ca51f3sfr.h"
   7          #include "include/ca51f3xsfr.h"
   8          #include "include/gpiodef_f3.h"
   9          #include "include/system_clock.h"
  10          
  11          #include "include/uart.h"
  12          #include "include/delay.h"
  13          #include <intrins.h>
  14          /*********************************************************************************************************
             -************/
  15          
  16          /*********************************************************************************************************
             -************
  17                  STOP模式例程，并简单演示:通过INT2中断来唤醒STOP                                                         
  18          **********************************************************************************************************
             -************/
  19          
  20          /******************************************************************************************************/
  21          void INT2_init(void)
  22          {
  23   1              P10F = 1;                               //设置P10为输入引脚
  24   1              INDEX = 0;                              //INDEX为带索引的寄存器，设置INDEX=0对应INT2
  25   1              EPCON = (1<<7) | 8;             //设置P10为INT2外部中断引脚，下降沿触发
  26   1              INT2EN = 1;                     //外部中断2中断使能
  27   1              EPIE |= 0x01;                   //INT2中断使能
  28   1              EA = 1;                                 //总中断使能
  29   1      }
  30          void INT2_ISR (void) interrupt 7
  31          {
  32   1              if(EPIF & 0x01)                 //判断外部中断2中断标志
  33   1              {
  34   2                      EPIF = 0x01;            //中断标志写1清0
  35   2              }
  36   1      }
  37          /******************************************************************************************************/
  38          void Stop(void)
  39          {
  40   1              bit IE_EA;
  41   1              /*
  42   1              备注：进入STOP模式前应关闭相应的外设电路，如未使用到的IO尽量不要为悬浮状态(可设置为高阻态+上拉)，如下：
  43   1              */
  44   1      #if 1
  45   1              GPIO_Init(P00F,HIGH_Z|PU_EN);
  46   1              GPIO_Init(P01F,HIGH_Z|PU_EN);
  47   1              GPIO_Init(P02F,HIGH_Z|PU_EN);
  48   1              GPIO_Init(P03F,HIGH_Z|PU_EN);
  49   1              GPIO_Init(P04F,HIGH_Z|PU_EN);
  50   1              GPIO_Init(P05F,HIGH_Z|PU_EN);
C51 COMPILER V9.02   MAIN                                                                  05/10/2022 15:26:21 PAGE 2   

  51   1              GPIO_Init(P06F,HIGH_Z|PU_EN);
  52   1              GPIO_Init(P07F,HIGH_Z|PU_EN);
  53   1      
  54   1      //      GPIO_Init(P10F,HIGH_Z|PU_EN);
  55   1              GPIO_Init(P11F,HIGH_Z|PU_EN);
  56   1              GPIO_Init(P12F,HIGH_Z|PU_EN);
  57   1              GPIO_Init(P13F,HIGH_Z|PU_EN);
  58   1              GPIO_Init(P14F,HIGH_Z|PU_EN);
  59   1              GPIO_Init(P15F,HIGH_Z|PU_EN);
  60   1              GPIO_Init(P16F,HIGH_Z|PU_EN);
  61   1              GPIO_Init(P17F,HIGH_Z|PU_EN);
  62   1      
  63   1              GPIO_Init(P20F,HIGH_Z|PU_EN);
  64   1              GPIO_Init(P21F,HIGH_Z|PU_EN);
  65   1      
  66   1              GPIO_Init(P30F,HIGH_Z|PU_EN);
  67   1              GPIO_Init(P31F,HIGH_Z|PU_EN);
  68   1              GPIO_Init(P32F,HIGH_Z|PU_EN);
  69   1              GPIO_Init(P33F,HIGH_Z|PU_EN);
  70   1              GPIO_Init(P34F,HIGH_Z|PU_EN);
  71   1              GPIO_Init(P35F,HIGH_Z|PU_EN);
  72   1              GPIO_Init(P36F,HIGH_Z|PU_EN);
  73   1              GPIO_Init(P37F,HIGH_Z|PU_EN);
  74   1      #endif
  75   1      
  76   1      #if (SYSCLK_SRC == PLL) 
                      Sys_Clk_Set_IRCH();             //如果系统时钟为PLL，在进入STOP之前要把系统时钟切换回IRCH
                      PLLCON = 0;                             //关闭PLL
              #endif
  80   1              I2CCON = 0;                             //关闭I2C，否则无法关闭主时钟
  81   1              CKCON = 0;                              //所有时钟关闭
  82   1              PWCON &= ~0x08;                 //设置LDO进入低功率模式 
  83   1              MECON |= (1<<6);                //设置FLASH进入深度睡眠状态
  84   1              while(STPSTH|STPSTL);   //如果有中断未响应,等待中断被响应
  85   1              IE_EA = EA;                     //保存全局中断使能位状态
  86   1              EA = 0;
  87   1              PCON = (PCON&0x84) | 0x02;//进入STOP模式
  88   1              _nop_();
  89   1              _nop_();
  90   1              _nop_();
  91   1              EA = IE_EA;                     //恢复原全局中断开关状态        
  92   1              PWCON |= 0x08;                  //退出STOP模式后，把LDO设回高功率模式
  93   1              
  94   1      #if (SYSCLK_SRC == PLL)
                      Sys_Clk_Set_PLL(PLL_Multiple);  //系统时钟切换回PLL
              #endif
  97   1      }
  98          /******************************************************************************************************/
  99          void main(void)
 100          {
 101   1      #if (SYSCLK_SRC == PLL)
                      Sys_Clk_Set_PLL(PLL_Multiple);  //设置系统时钟为PLL，PLL_Multiple为倍频倍数
              #endif
 104   1              
 105   1      #ifdef UART0_EN
                      Uart0_Initial(UART0_BAUTRATE);  //初始化UART0
              #endif
 108   1              
 109   1      #ifdef UART1_EN
                      Uart1_Initial(UART1_BAUTRATE);  //初始化UART1
              #endif
 112   1      
C51 COMPILER V9.02   MAIN                                                                  05/10/2022 15:26:21 PAGE 3   

 113   1      #ifdef UART2_EN
                      Uart2_Initial(UART2_BAUTRATE);  //初始化UART2
              #endif
 116   1              
 117   1              EA = 1; 
 118   1      
 119   1              INT2_init();
 120   1              
 121   1              while(1)
 122   1              {
 123   2              #ifdef PRINT_EN
                              uart_printf("stop\n");
                              Delay_ms(1);
                      #endif          
 127   2                      Stop();
 128   2              #ifdef PRINT_EN
                              uart_printf("exit\n");
                      #endif
 131   2                      Delay_ms(1000);
 132   2              }
 133   1      }
 134          /*********************************************************************************************************
             -*************/
 135          #endif
 136          


MODULE INFORMATION:   STATIC OVERLAYABLE
   CODE SIZE        =    157    ----
   CONSTANT SIZE    =   ----    ----
   XDATA SIZE       =   ----    ----
   PDATA SIZE       =   ----    ----
   DATA SIZE        =   ----    ----
   IDATA SIZE       =   ----    ----
   BIT SIZE         =   ----       1
   EDATA SIZE       =   ----    ----
   HDATA SIZE       =   ----    ----
   XDATA CONST SIZE =   ----    ----
   FAR CONST SIZE   =   ----    ----
END OF MODULE INFORMATION.


C51 COMPILATION COMPLETE.  0 WARNING(S),  0 ERROR(S)
