C51 COMPILER V9.02   MAIN                                                                  05/11/2022 23:29:23 PAGE 1   


C51 COMPILER V9.02, COMPILATION OF MODULE MAIN
OBJECT MODULE PLACED IN .\output\main.obj
COMPILER INVOKED BY: C:\Keil\C51\BIN\C51.EXE source\main.c OMF2 BROWSE DEBUG PRINT(.\lst\main.lst) OBJECT(.\output\main.
                    -obj)

line level    source

   1          
   2          #ifndef _MAIN_C_
   3          #define _MAIN_C_
   4          /*********************************************************************************************************
             -************/
   5          #include "include/ca51f_config.h"               
   6          #include "include/ca51f3sfr.h"
   7          #include "include/ca51f3xsfr.h"
   8          #include "include/gpiodef_f3.h"
   9          #include "include/system_clock.h"
  10          
  11          #include "include/uart.h"
  12          #include "include/delay.h"
  13          #include "include/lcd_led.h"
  14          #include <intrins.h>
  15          /*********************************************************************************************************
             -************                        
  16                  本例程实现4com*9seg、1/3bias LCD显示功能，LCD时钟设置为IRCH，LCD驱动电流设置为最大，不考虑LCD功耗。
  17                  
  18                  特别说明：
  19                  在关闭LCD功能前，把所设置的COM脚和SEG脚设置为输出模式并输出低电平，可以避免关闭LCD功能时LCD屏出现拖影现象
             -。
  20          **********************************************************************************************************
             -***********/                        
  21          
  22          void main(void)
  23          {       
  24   1              unsigned char i;
  25   1      #ifdef LVD_RST_ENABLE
  26   1              LVDCON = 0xE1;                                  //设置LVD复位电压为2V
  27   1      #endif
  28   1      
  29   1      #if (SYSCLK_SRC == PLL)
                      Sys_Clk_Set_PLL(PLL_Multiple);  //设置系统时钟为PLL，PLL_Multiple为倍频倍数
              #endif
  32   1              
  33   1      #ifdef UART0_EN
                      Uart0_Initial(UART0_BAUTRATE);  //初始化UART0
              #endif
  36   1              
  37   1      #ifdef UART1_EN
                      Uart1_Initial(UART1_BAUTRATE);  //初始化UART1
              #endif
  40   1      
  41   1              EA = 1;                                                                                                 //开全局中断
  42   1      
  43   1      #ifdef PRINT_EN
                      uart_printf("LCD Simple Demo Code\n");
              #endif
  46   1      
  47   1              //初始化LCD驱动引脚
  48   1              P00F = P00_COM0_SETTING;
  49   1              P01F = P01_COM1_SETTING;
  50   1              P02F = P02_COM2_SETTING;
C51 COMPILER V9.02   MAIN                                                                  05/11/2022 23:29:23 PAGE 2   

  51   1              P03F = P03_COM3_SETTING;         
  52   1             
  53   1              P17F = P17_SEG0_SETTING;
  54   1              P37F = P37_SEG1_SETTING; 
  55   1              P36F = P36_SEG2_SETTING;  
  56   1              P35F = P35_SEG3_SETTING; 
  57   1              P34F = P34_SEG4_SETTING;
  58   1              P07F = P07_SEG5_SETTING;
  59   1              P06F = P06_SEG6_SETTING; 
  60   1              P05F = P05_SEG7_SETTING;
  61   1              P04F = P04_SEG8_SETTING;        
  62   1              
  63   1              
  64   1              //LCD RAM清零
  65   1              for(i = 0; i < 9; i++)
  66   1              {
  67   2                      INDEX = i;
  68   2                      LXDAT = 0;
  69   2              }
  70   1              
  71   1      
  72   1              LXDIVH = 0;                             //设置LCD时钟分频，目标帧频率为64HZ
  73   1              LXDIVL = 112;   
  74   1              LXCFG =  DMOD(DMOD_130ua) | BIAS(BIAS_1_3) | LDRV(LDRV_7);              //设置LCD驱动电流、偏压(bias)、辉度
  75   1              LXCON =  LEN(LEN_IRCH) | LMOD(LMOD_lcd);                                                //设置LCD时钟源，选择LCD模式
  76   1              
  77   1              //设置LCD全显
  78   1              for(i = 0; i < 9; i++)
  79   1              {
  80   2                      INDEX = i;
  81   2                      LXDAT = 0xFF;
  82   2              }
  83   1              while(1)
  84   1              {
  85   2              }
  86   1      }
  87          #endif


MODULE INFORMATION:   STATIC OVERLAYABLE
   CODE SIZE        =     90    ----
   CONSTANT SIZE    =   ----    ----
   XDATA SIZE       =   ----    ----
   PDATA SIZE       =   ----    ----
   DATA SIZE        =   ----    ----
   IDATA SIZE       =   ----    ----
   BIT SIZE         =   ----    ----
   EDATA SIZE       =   ----    ----
   HDATA SIZE       =   ----    ----
   XDATA CONST SIZE =   ----    ----
   FAR CONST SIZE   =   ----    ----
END OF MODULE INFORMATION.


C51 COMPILATION COMPLETE.  0 WARNING(S),  0 ERROR(S)
