C51 COMPILER V9.02   MAIN                                                                  12/26/2021 22:41:10 PAGE 1   


C51 COMPILER V9.02, COMPILATION OF MODULE MAIN
OBJECT MODULE PLACED IN .\output\main.obj
COMPILER INVOKED BY: C:\Keil\C51\BIN\C51.EXE source\main.c OMF2 OPTIMIZE(9,SPEED) BROWSE DEBUG PRINT(.\lst\main.lst) OBJ
                    -ECT(.\output\main.obj)

line level    source

   1          #ifndef _MAIN_C_
   2          #define _MAIN_C_
   3          /*********************************************************************************************************
             -************/
   4          #include "include/ca51f1_config.h"              
   5          #include "include/ca51f1sfr.h"
   6          #include "include/ca51f1xsfr.h"
   7          #include "include/gpiodef_f1.h"
   8          
   9          #include "include/uart.h"
  10          #include "include/delay.h"
  11          #include <intrins.h>
  12          /*********************************************************************************************************
             -************/
  13          
  14          #define INT_TIME                        100                     //定时时间，单位为us
  15          
  16          #define T_VAL                           (unsigned char)(0x100 - (INT_TIME*(FOSC/1000))/12000)
  17          
  18          void TIMER0_ISR (void) interrupt 1              //每100us中断一次
  19          {
  20   1              
  21   1      }
  22          void main(void)
  23          {       
  24   1      #ifdef SYSCLK_16MHZ                                     //系统时钟为16MHz,设置CKDIV为0
                      CKDIV = 0;
              #endif
  27   1      
  28   1      #ifdef UART_EN
                      Uart_Initial(UART_BAUTRATE);    //初始化UART
              #endif
  31   1              
  32   1              EA = 1;                                                 //开全局中断
  33   1      
  34   1      #ifdef PRINT_EN
                      uart_printf("Timer0 Mode2 Demo Code\n");
              #endif
  37   1              
  38   1      
  39   1              TMOD = (TMOD&0xFC)|0x02;                //模式选择: 定时器0，模式2。
  40   1              TH0 = T_VAL;                                    //装载重载值
  41   1              TL0 = T_VAL;                                    //装载计数初值
  42   1              
  43   1              TR0 = 1;                                        //定时器0使能  
  44   1              ET0 = 1;                                        //定时器0中断使能
  45   1      
  46   1              while(1)
  47   1              {
  48   2              }
  49   1      }
  50          #endif


C51 COMPILER V9.02   MAIN                                                                  12/26/2021 22:41:10 PAGE 2   

MODULE INFORMATION:   STATIC OVERLAYABLE
   CODE SIZE        =     26    ----
   CONSTANT SIZE    =   ----    ----
   XDATA SIZE       =   ----    ----
   PDATA SIZE       =   ----    ----
   DATA SIZE        =   ----    ----
   IDATA SIZE       =   ----    ----
   BIT SIZE         =   ----    ----
   EDATA SIZE       =   ----    ----
   HDATA SIZE       =   ----    ----
   XDATA CONST SIZE =   ----    ----
   FAR CONST SIZE   =   ----    ----
END OF MODULE INFORMATION.


C51 COMPILATION COMPLETE.  0 WARNING(S),  0 ERROR(S)
