C51 COMPILER V9.02   MAIN                                                                  12/26/2021 22:17:25 PAGE 1   


C51 COMPILER V9.02, COMPILATION OF MODULE MAIN
OBJECT MODULE PLACED IN .\output\main.obj
COMPILER INVOKED BY: C:\Keil\C51\BIN\C51.EXE source\main.c OMF2 OPTIMIZE(9,SPEED) BROWSE DEBUG PRINT(.\lst\main.lst) OBJ
                    -ECT(.\output\main.obj)

line level    source

   1          #ifndef _MAIN_C_
   2          #define _MAIN_C_
   3          /*********************************************************************************************************
             -************/
   4          #include "include/ca51f1_config.h"              
   5          #include "include/ca51f1sfr.h"
   6          #include "include/ca51f1xsfr.h"
   7          #include "include/gpiodef_f1.h"
   8          
   9          #include "include/uart.h"
  10          #include "include/delay.h"
  11          #include <intrins.h>
  12          /*********************************************************************************************************
             -************
  13                  引脚控制例程
  14          **********************************************************************************************************
             -***********/
  15          
  16          /*********************************************************************************************************
             -************/
  17          void INT0_ISR(void) interrupt 0
  18          {
  19   1                                      
  20   1      }
  21          void INT0_Init(void)
  22          {
  23   1              P32F = 1 | (1<<7);      //INT0引脚设置，设为上拉输入
  24   1              EX0 = 1;                        //INT0中断使能  
  25   1              IE0 = 1;                        //外部中断0使能 
  26   1              IT0 = 1;                //1:下降沿，0：上升沿   
  27   1      }
  28          /*********************************************************************************************************
             -************/
  29          void INT1_ISR (void) interrupt 2
  30          {               
  31   1              
  32   1      }
  33          void INT1_Init(void)
  34          {
  35   1              P34F = 1 | (1<<6);      //INT1引脚设置，设为下拉输入
  36   1              EX1 = 1;                        //INT1中断使能  
  37   1              IE1 = 1;                        //外部中断1使能 
  38   1              IT1 = 0;                //1:下降沿，0：上升沿   
  39   1      }
  40          /*********************************************************************************************************
             -************/
  41          void Stop(void)
  42          {
  43   1              I2CCON = 0;     //关闭I2C功能，因为I2C默认是使能的，如果I2C不关闭将无法关闭IRCH时钟
  44   1              CKCON = 0;              //关闭所有时钟
  45   1              MECON |= (1<<6);//设置FLASH进入深度睡眠状态
  46   1              PCON |= 0x02;   //进入STOP模式
  47   1              _nop_();
  48   1              _nop_();
C51 COMPILER V9.02   MAIN                                                                  12/26/2021 22:17:25 PAGE 2   

  49   1              _nop_();
  50   1      }
  51          /*********************************************************************************************************
             -************/
  52          void main(void)
  53          {       
  54   1      #ifdef SYSCLK_16MHZ                                     //系统时钟为16MHz,设置CKDIV为0
                      CKDIV = 0;
              #endif
  57   1                      
  58   1              INT0_Init();
  59   1              INT1_Init();
  60   1              EA = 1;
  61   1              
  62   1      //      P35F = 2;       
  63   1              while(1)
  64   1              {
  65   2                      Stop();
  66   2                      Delay_ms(100);  
  67   2      //              P35 = ~P35;
  68   2              }       
  69   1      }
  70          #endif


MODULE INFORMATION:   STATIC OVERLAYABLE
   CODE SIZE        =     73    ----
   CONSTANT SIZE    =   ----    ----
   XDATA SIZE       =   ----    ----
   PDATA SIZE       =   ----    ----
   DATA SIZE        =   ----    ----
   IDATA SIZE       =   ----    ----
   BIT SIZE         =   ----    ----
   EDATA SIZE       =   ----    ----
   HDATA SIZE       =   ----    ----
   XDATA CONST SIZE =   ----    ----
   FAR CONST SIZE   =   ----    ----
END OF MODULE INFORMATION.


C51 COMPILATION COMPLETE.  0 WARNING(S),  0 ERROR(S)
