C51 COMPILER V9.02   MAIN                                                                  11/21/2021 21:09:55 PAGE 1   


C51 COMPILER V9.02, COMPILATION OF MODULE MAIN
OBJECT MODULE PLACED IN .\output\main.obj
COMPILER INVOKED BY: C:\Keil\C51\BIN\C51.EXE source\main.c OMF2 BROWSE DEBUG PRINT(.\lst\main.lst) OBJECT(.\output\main.
                    -obj)

line level    source

   1          
   2          #ifndef _MAIN_C_
   3          #define _MAIN_C_
   4          /*********************************************************************************************************
             -************/
   5          #include "include/ca51f_config.h"               
   6          #include "include/ca51f3sfr.h"
   7          #include "include/ca51f3xsfr.h"
   8          #include "include/gpiodef_f3.h"
   9          #include "include/system_clock.h"
  10          
  11          #include "include/uart.h"
  12          #include "include/delay.h"
  13          #include <intrins.h>
  14          /*********************************************************************************************************
             -************/
  15          void main(void)
  16          {       
  17   1              unsigned char data_temp;
  18   1      #if (SYSCLK_SRC == PLL)
                      Sys_Clk_Set_PLL(PLL_Multiple);  //设置系统时钟为PLL，PLL_Multiple为倍频倍数
              #endif
  21   1              
  22   1      
  23   1              Uart1_Initial(115200);  //初始化UART1
  24   1      
  25   1              EA = 1;                                                                                                 //开全局中断
  26   1      
  27   1              uart_printf("Uart1 Demo Code\n");
  28   1      
  29   1              while(1)
  30   1              {
  31   2                      /*
  32   2                              数组uart1_rx_buf为UART1接收buffer, uart1_rev.head和uart1_rev.tail为buffer的头尾指针，当头尾指针不相等时
             -，表示
  33   2                              buffer有接收到数据。本例程实现把UART1 RX接收到的数据通过UART1 TX发送出去。
  34   2                      */
  35   2                      if(uart1_rev.tail != uart1_rev.head)            //表示有数据待取
  36   2                      {
  37   3                              uart1_rev.tail++;
  38   3                              uart1_rev.tail %= UART1_RX_BUF_SIZE;                            
  39   3                              data_temp=uart1_rx_buf[uart1_rev.tail];                 //从uart1_rx_buf取出数据
  40   3                              
  41   3                              Uart1_PutChar(data_temp);                                                                               //把接收到的数据发送出去
  42   3                      }               
  43   2              }
  44   1      }
  45          #endif


MODULE INFORMATION:   STATIC OVERLAYABLE
   CODE SIZE        =     62    ----
   CONSTANT SIZE    =     17    ----
   XDATA SIZE       =   ----    ----
C51 COMPILER V9.02   MAIN                                                                  11/21/2021 21:09:55 PAGE 2   

   PDATA SIZE       =   ----    ----
   DATA SIZE        =   ----       1
   IDATA SIZE       =   ----    ----
   BIT SIZE         =   ----    ----
   EDATA SIZE       =   ----    ----
   HDATA SIZE       =   ----    ----
   XDATA CONST SIZE =   ----    ----
   FAR CONST SIZE   =   ----    ----
END OF MODULE INFORMATION.


C51 COMPILATION COMPLETE.  0 WARNING(S),  0 ERROR(S)
