C51 COMPILER V9.02   MAIN                                                                  12/26/2021 22:32:16 PAGE 1   


C51 COMPILER V9.02, COMPILATION OF MODULE MAIN
OBJECT MODULE PLACED IN .\output\main.obj
COMPILER INVOKED BY: C:\Keil\C51\BIN\C51.EXE source\main.c OMF2 OPTIMIZE(9,SPEED) BROWSE DEBUG PRINT(.\lst\main.lst) OBJ
                    -ECT(.\output\main.obj)

line level    source

   1          #ifndef _MAIN_C_
   2          #define _MAIN_C_
   3          /*********************************************************************************************************
             -************/
   4          #include "include/ca51f1_config.h"              
   5          #include "include/ca51f1sfr.h"
   6          #include "include/ca51f1xsfr.h"
   7          #include "include/gpiodef_f1.h"
   8          
   9          #include "include/system_clock.h"
  10          #include "include/delay.h"
  11          #include <intrins.h>
  12          /*********************************************************************************************************
             -************
  13                  低速运行模式例程
  14          **********************************************************************************************************
             -***********/
  15          #define IHCKE           (1<<7) 
  16          #define ILCKE           (1<<6) 
  17          #define CKSEL_IRCH              0 
  18          #define CKSEL_IRCL              1
  19          
  20          void main(void)
  21          {       
  22   1      #ifdef SYSCLK_16MHZ                     //系统时钟为16MHz,设置CKDIV为0
                      CKDIV = 0;
              #endif
  25   1      
  26   1              I2CCON = 0;                     //关闭I2C模块，因为I2C默认是使能的，如果I2C不关闭将无法关闭IRCH时钟
  27   1              Sys_Clk_Set_IRCL();             //切换系统时钟为IRCL 
  28   1              CKCON &= ~IHCKE;                //关闭IRCH时钟 
  29   1      
  30   1              while(1)
  31   1              {
  32   2              }
  33   1      }
  34          #endif


MODULE INFORMATION:   STATIC OVERLAYABLE
   CODE SIZE        =     11    ----
   CONSTANT SIZE    =   ----    ----
   XDATA SIZE       =   ----    ----
   PDATA SIZE       =   ----    ----
   DATA SIZE        =   ----    ----
   IDATA SIZE       =   ----    ----
   BIT SIZE         =   ----    ----
   EDATA SIZE       =   ----    ----
   HDATA SIZE       =   ----    ----
   XDATA CONST SIZE =   ----    ----
   FAR CONST SIZE   =   ----    ----
END OF MODULE INFORMATION.


C51 COMPILATION COMPLETE.  0 WARNING(S),  0 ERROR(S)
