C51 COMPILER V9.02   MAIN                                                                  12/26/2021 22:02:43 PAGE 1   


C51 COMPILER V9.02, COMPILATION OF MODULE MAIN
OBJECT MODULE PLACED IN .\output\main.obj
COMPILER INVOKED BY: C:\Keil\C51\BIN\C51.EXE source\main.c OMF2 OPTIMIZE(9,SPEED) BROWSE DEBUG PRINT(.\lst\main.lst) OBJ
                    -ECT(.\output\main.obj)

line level    source

   1          #ifndef _MAIN_C_
   2          #define _MAIN_C_
   3          /*********************************************************************************************************
             -************/
   4          #include "include/ca51f1_config.h"              
   5          #include "include/ca51f1sfr.h"
   6          #include "include/ca51f1xsfr.h"
   7          #include "include/gpiodef_f1.h"
   8          #include "include/system_clock.h"
   9          #include "include/uart.h"
  10          #include "include/delay.h"
  11          #include "include/adc.h"
  12          #include <intrins.h>
  13          /*********************************************************************************************************
             -************
  14                  ADC0~ADC5控制例程
  15          **********************************************************************************************************
             -***********/
  16          void main(void)
  17          {       
  18   1      #ifdef LVD_RST_ENABLE
  19   1              LVDCON = 0xE0;                                  //设置LVD复位电压为2.2V
  20   1      #endif
  21   1      
  22   1      #ifdef SYSCLK_16MHZ                                     //系统时钟为16MHz,设置CKDIV为0
                      CKDIV = 0;
              #endif
  25   1      
  26   1      #ifdef UART_EN
                      Uart_Initial(UART_BAUTRATE);    //初始化UART
              #endif
  29   1              
  30   1              EA = 1;                                                 //开全局中断
  31   1      
  32   1      
  33   1      //      P31F = P31_ADC0_SETTING;
  34   1              P35F = P35_ADC1_SETTING;
  35   1      //      P32F = P32_ADC2_SETTING;
  36   1      //      P34F = P34_ADC3_SETTING;
  37   1      //      P01F = P01_ADC4_SETTING;
  38   1      //      P30F = P30_ADC5_SETTING;
  39   1      
  40   1      /**********初始化ADC寄存器（设置ADC时钟、选择ADC参考电压）*****************************************/
  41   1      //      ADCON = AST(0) | ADIE(0) | HTME(7) | VSEL(ADC_REF_INNER);               //设置ADC参考电压为内部1.5V
  42   1              ADCON = AST(0) | ADIE(0) | HTME(7) | VSEL(ADC_REF_VDD);                         //设置ADC参考电压为VDD
  43   1      /**************************************************************************************************/
  44   1      
  45   1      
  46   1      /**********设置ADC通道、校准使能、ADC通道*****************************************************************
             -**/                                                                
  47   1      //      ADCFGL = ACKD(7) | ADCALE(1) | ADCHS(ADC_CH0);  //选择ADC0通道
  48   1              ADCFGL = ACKD(7) | ADCALE(1) | ADCHS(ADC_CH1);  //选择ADC1通道
  49   1      //      ADCFGL = ACKD(7) | ADCALE(1) | ADCHS(ADC_CH2);  //选择ADC2通道
  50   1      //      ADCFGL = ACKD(7) | ADCALE(1) | ADCHS(ADC_CH2);  //选择ADC3通道
C51 COMPILER V9.02   MAIN                                                                  12/26/2021 22:02:43 PAGE 2   

  51   1      //      ADCFGL = ACKD(7) | ADCALE(1) | ADCHS(ADC_CH4);  //选择ADC4通道
  52   1      //      ADCFGL = ACKD(7) | ADCALE(1) | ADCHS(ADC_CH5);  //选择ADC5通道
  53   1      /**************************************************************************************************/
  54   1      
  55   1      
  56   1              while(1)
  57   1              {
  58   2                      unsigned int AD_Value;
  59   2                      ADCON |= AST(1);                                                                        //启动ADC转换
  60   2                      while(!(ADCON & ADIF));                                                         //等待ADC转换完成
  61   2                      ADCON |= ADIF;                                                                          //清除ADC中断标志
  62   2                      AD_Value = ADCDH*256 + ADCDL;                                           //读取AD值
  63   2                      AD_Value >>= 4;         
  64   2              #ifdef PRINT_EN
                              uart_printf ("ADC Value = 0x%x\n",AD_Value);            //打印AD值
                      #endif
  67   2                      Delay_ms(100);
  68   2              }
  69   1      }
  70          #endif


MODULE INFORMATION:   STATIC OVERLAYABLE
   CODE SIZE        =     86    ----
   CONSTANT SIZE    =   ----    ----
   XDATA SIZE       =   ----    ----
   PDATA SIZE       =   ----    ----
   DATA SIZE        =   ----       2
   IDATA SIZE       =   ----    ----
   BIT SIZE         =   ----    ----
   EDATA SIZE       =   ----    ----
   HDATA SIZE       =   ----    ----
   XDATA CONST SIZE =   ----    ----
   FAR CONST SIZE   =   ----    ----
END OF MODULE INFORMATION.


C51 COMPILATION COMPLETE.  0 WARNING(S),  0 ERROR(S)
