C51 COMPILER V9.02   DELAY                                                                 12/24/2021 22:57:32 PAGE 1   


C51 COMPILER V9.02, COMPILATION OF MODULE DELAY
OBJECT MODULE PLACED IN .\output\delay.obj
COMPILER INVOKED BY: C:\Keil\C51\BIN\C51.EXE source\delay.c OMF2 OPTIMIZE(9,SPEED) BROWSE DEBUG PRINT(.\lst\delay.lst) O
                    -BJECT(.\output\delay.obj)

line level    source

   1          #ifndef _Delay_C_
   2          #define _Delay_C_
   3          /*********************************************************************************************************
             -************/
   4          #include "include/ca51f1_config.h"      
   5          /*********************************************************************************************************
             -************/
   6          void Delay_50us(unsigned int n)    
   7          {
   8   1              unsigned char i;
   9   1      
  10   1      #ifdef SYSCLK_16MHZ
  11   1              n *= 2;
  12   1      #endif
  13   1              while(n--)
  14   1              {
  15   2                      for(i=0;i<33;i++);
  16   2              }
  17   1      }
  18          void Delay_ms(unsigned int delay_nms)
  19          {
  20   1              while(delay_nms--)
  21   1              {
  22   2                      Delay_50us(20);
  23   2              }
  24   1      }
  25          /*********************************************************************************************************
             -************/
  26          #endif


MODULE INFORMATION:   STATIC OVERLAYABLE
   CODE SIZE        =     56    ----
   CONSTANT SIZE    =   ----    ----
   XDATA SIZE       =   ----    ----
   PDATA SIZE       =   ----    ----
   DATA SIZE        =   ----    ----
   IDATA SIZE       =   ----    ----
   BIT SIZE         =   ----    ----
   EDATA SIZE       =   ----    ----
   HDATA SIZE       =   ----    ----
   XDATA CONST SIZE =   ----    ----
   FAR CONST SIZE   =   ----    ----
END OF MODULE INFORMATION.


C51 COMPILATION COMPLETE.  0 WARNING(S),  0 ERROR(S)
