C51 COMPILER V9.02   MAIN                                                                  12/26/2021 22:36:52 PAGE 1   


C51 COMPILER V9.02, COMPILATION OF MODULE MAIN
OBJECT MODULE PLACED IN .\output\main.obj
COMPILER INVOKED BY: C:\Keil\C51\BIN\C51.EXE source\main.c OMF2 OPTIMIZE(9,SPEED) BROWSE DEBUG PRINT(.\lst\main.lst) OBJ
                    -ECT(.\output\main.obj)

line level    source

   1          #ifndef _MAIN_C_
   2          #define _MAIN_C_
   3          /*********************************************************************************************************
             -************/
   4          #include "include/ca51f1_config.h"              
   5          #include "include/ca51f1sfr.h"
   6          #include "include/ca51f1xsfr.h"
   7          #include "include/gpiodef_f1.h"
   8          
   9          #include "include/uart.h"
  10          #include "include/delay.h"
  11          #include <intrins.h>
  12          /*********************************************************************************************************
             -************
  13                  引脚控制例程
  14          **********************************************************************************************************
             -***********/
  15          void main(void)
  16          {       
  17   1      #ifdef SYSCLK_16MHZ                                     //系统时钟为16MHz,设置CKDIV为0
                      CKDIV = 0;
              #endif
  20   1      
  21   1      /*
  22   1              所有时钟关闭，所有输出引脚无负载，所有数字输入引脚不浮动，所有外设
  23   1              关闭，Flash进入睡眠模式，CPU进入STOP模式。
  24   1      */
  25   1              I2CCON = 0;        //关闭I2C功能，因为I2C默认是使能的，如果I2C不关闭将无法关闭IRCH时钟 
  26   1              CKCON = 0;         //关闭所有时钟 
  27   1              MECON |= (1<<6);   //设置FLASH进入深度睡眠状态 
  28   1              PCON |= 0x02;     //进入STOP模式 
  29   1              _nop_();          //在STOP的指令后面需要紧接三条nop指令，防止程序出错。
  30   1              _nop_();
  31   1              _nop_();
  32   1              
  33   1              while(1)
  34   1              {
  35   2                      
  36   2              }
  37   1              
  38   1      }
  39          #endif


MODULE INFORMATION:   STATIC OVERLAYABLE
   CODE SIZE        =     20    ----
   CONSTANT SIZE    =   ----    ----
   XDATA SIZE       =   ----    ----
   PDATA SIZE       =   ----    ----
   DATA SIZE        =   ----    ----
   IDATA SIZE       =   ----    ----
   BIT SIZE         =   ----    ----
   EDATA SIZE       =   ----    ----
   HDATA SIZE       =   ----    ----
C51 COMPILER V9.02   MAIN                                                                  12/26/2021 22:36:52 PAGE 2   

   XDATA CONST SIZE =   ----    ----
   FAR CONST SIZE   =   ----    ----
END OF MODULE INFORMATION.


C51 COMPILATION COMPLETE.  0 WARNING(S),  0 ERROR(S)
