C51 COMPILER V9.02   MAIN                                                                  12/26/2021 21:53:43 PAGE 1   


C51 COMPILER V9.02, COMPILATION OF MODULE MAIN
OBJECT MODULE PLACED IN .\output\main.obj
COMPILER INVOKED BY: C:\Keil\C51\BIN\C51.EXE source\main.c OMF2 OPTIMIZE(9,SPEED) BROWSE DEBUG PRINT(.\lst\main.lst) OBJ
                    -ECT(.\output\main.obj)

line level    source

   1          #ifndef _MAIN_C_
   2          #define _MAIN_C_
   3          /*********************************************************************************************************
             -************/
   4          #include "include/ca51f1_config.h"              
   5          #include "include/ca51f1sfr.h"
   6          #include "include/ca51f1xsfr.h"
   7          #include "include/gpiodef_f1.h"
   8          #include "include/system_clock.h"
   9          #include "include/uart.h"
  10          #include "include/delay.h"
  11          #include "include/adc.h"
  12          #include <intrins.h>
  13          /*********************************************************************************************************
             -************
  14                  ADC检测VDD例程
  15          **********************************************************************************************************
             -***********/
  16          void main(void)
  17          {       
  18   1      #ifdef LVD_RST_ENABLE
  19   1              LVDCON = 0xE0;                                  //设置LVD复位电压为2.2V
  20   1      #endif
  21   1      
  22   1      #ifdef SYSCLK_16MHZ                                     //系统时钟为16MHz,设置CKDIV为0
                      CKDIV = 0;
              #endif
  25   1      
  26   1      #ifdef UART_EN
                      Uart_Initial(UART_BAUTRATE);    //初始化UART
              #endif
  29   1              
  30   1              EA = 1;                                                 //开全局中断
  31   1      
  32   1      
  33   1      /**********初始化ADC寄存器（设置ADC时钟、选择ADC参考电压）*****************************************/
  34   1              ADCON = AST(0) | ADIE(0) | HTME(7) | VSEL(ADC_REF_INNER);               //设置ADC参考电压为内部1.5V
  35   1      /**************************************************************************************************/
  36   1      
  37   1      
  38   1      /**********设置ADC通道、校准使能、ADC通道*****************************************************************
             -**/                                                                
  39   1              ADCFGL = ACKD(7) | ADCALE(1) | ADCHS(ADC_VDD);  //选择ADC通道为1/4VDD
  40   1      /**************************************************************************************************/
  41   1      
  42   1      
  43   1              while(1)
  44   1              {
  45   2                      unsigned int AD_Value;
  46   2                      double VDD_Voltage;
  47   2                      ADCON |= AST(1);                                                                        //启动ADC转换
  48   2                      while(!(ADCON & ADIF));                                                         //等待ADC转换完成
  49   2                      ADCON |= ADIF;                                                                          //清除ADC中断标志
  50   2                      AD_Value = ADCDH*256 + ADCDL;                                           //读取AD值
C51 COMPILER V9.02   MAIN                                                                  12/26/2021 21:53:43 PAGE 2   

  51   2                      AD_Value >>= 4;         
  52   2                      
  53   2                      VDD_Voltage = ((double)AD_Value*1.5*4)/4095;            //根据ADC值换算为电压值，注意：由于ADC检测的是1/4VDD，所以
             -换算为VDD电压时ADC值要乘以4
  54   2              #ifdef PRINT_EN
                              uart_printf ("VDD Voltage = %e\n",VDD_Voltage);         //打印VDD电压值 
                      #endif
  57   2                      Delay_ms(100);
  58   2              }
  59   1      }
  60          #endif


MODULE INFORMATION:   STATIC OVERLAYABLE
   CODE SIZE        =    116    ----
   CONSTANT SIZE    =   ----    ----
   XDATA SIZE       =   ----    ----
   PDATA SIZE       =   ----    ----
   DATA SIZE        =   ----       6
   IDATA SIZE       =   ----    ----
   BIT SIZE         =   ----    ----
   EDATA SIZE       =   ----    ----
   HDATA SIZE       =   ----    ----
   XDATA CONST SIZE =   ----    ----
   FAR CONST SIZE   =   ----    ----
END OF MODULE INFORMATION.


C51 COMPILATION COMPLETE.  0 WARNING(S),  0 ERROR(S)
