C51 COMPILER V9.02   DELAY                                                                 01/06/2022 11:25:27 PAGE 1   


C51 COMPILER V9.02, COMPILATION OF MODULE DELAY
OBJECT MODULE PLACED IN .\hex\delay.obj
COMPILER INVOKED BY: C:\Keil_v5\C51\BIN\C51.EXE Library\Sources\delay.c OMF2 OPTIMIZE(9,SIZE) BROWSE DEBUG PRINT(.\lst\d
                    -elay.lst) OBJECT(.\hex\delay.obj)

line level    source

   1          #ifndef _Delay_C_
   2          #define _Delay_C_
   3          /*********************************************************************************************************
             -************/
   4          #include "ca51f1_config.h"
   5          /*********************************************************************************************************
             -************/
   6          void Delay_50us(unsigned int n)    
   7          {
   8   1              unsigned char i;        
   9   1      #ifdef SYSCLK_16MHZ
                      n *= 2;
              #endif
  12   1              while(n--)
  13   1              {
  14   2                      for(i=0;i<33;i++);
  15   2              }
  16   1      }
  17          void Delay_ms(unsigned int delay_nms)
  18          {
  19   1              while(delay_nms--)
  20   1              {
  21   2                      Delay_50us(20);
  22   2              }
  23   1      }
  24          /*********************************************************************************************************
             -************/
  25          #endif


MODULE INFORMATION:   STATIC OVERLAYABLE
   CODE SIZE        =     49    ----
   CONSTANT SIZE    =   ----    ----
   XDATA SIZE       =   ----    ----
   PDATA SIZE       =   ----    ----
   DATA SIZE        =   ----    ----
   IDATA SIZE       =   ----    ----
   BIT SIZE         =   ----    ----
   EDATA SIZE       =   ----    ----
   HDATA SIZE       =   ----    ----
   XDATA CONST SIZE =   ----    ----
   FAR CONST SIZE   =   ----    ----
END OF MODULE INFORMATION.


C51 COMPILATION COMPLETE.  0 WARNING(S),  0 ERROR(S)
