C51 COMPILER V9.02   SYSTEM_CLOCK                                                          01/06/2022 11:25:27 PAGE 1   


C51 COMPILER V9.02, COMPILATION OF MODULE SYSTEM_CLOCK
OBJECT MODULE PLACED IN .\hex\system_clock.obj
COMPILER INVOKED BY: C:\Keil_v5\C51\BIN\C51.EXE Library\Sources\system_clock.c OMF2 OPTIMIZE(9,SIZE) BROWSE DEBUG PRINT(
                    -.\lst\system_clock.lst) OBJECT(.\hex\system_clock.obj)

line level    source

   1          #ifndef _SYSTEM_CLOCK_C_
   2          #define _SYSTEM_CLOCK_C_
   3          /*********************************************************************************************************
             -************/
   4          #include "ca51f1_config.h"
   5          #include "includes\ca51f1sfr.h"
   6          #include "includes\ca51f1xsfr.h"
   7          #include "includes\gpiodef_f1.h"
   8          
   9          #include "includes\system.h"
  10          #include "Library\includes\system_clock.h"
  11          #include <intrins.h>
  12          /*********************************************************************************************************
             -************/
  13          void Sys_Clk_Set_IRCH(void)
  14          {
  15   1              CKCON |= IHCKE;                                         //IRCH时钟使能
  16   1              CKCON = (CKCON&0xFE) | CKSEL_IRCH;      //系统时钟切换到IRCH            
  17   1      }
  18          void Sys_Clk_Set_IRCL(void)
  19          {
  20   1              CKCON |= ILCKE;                                         //IRCL时钟使能
  21   1              CKCON = (CKCON&0xFE) | CKSEL_IRCL;      //系统时钟切换到IRCH    
  22   1      }
  23          /*********************************************************************************************************
             -************/
  24          #endif


MODULE INFORMATION:   STATIC OVERLAYABLE
   CODE SIZE        =     19    ----
   CONSTANT SIZE    =   ----    ----
   XDATA SIZE       =   ----    ----
   PDATA SIZE       =   ----    ----
   DATA SIZE        =   ----    ----
   IDATA SIZE       =   ----    ----
   BIT SIZE         =   ----    ----
   EDATA SIZE       =   ----    ----
   HDATA SIZE       =   ----    ----
   XDATA CONST SIZE =   ----    ----
   FAR CONST SIZE   =   ----    ----
END OF MODULE INFORMATION.


C51 COMPILATION COMPLETE.  0 WARNING(S),  0 ERROR(S)
