C51 COMPILER V9.02   MAIN                                                                  12/26/2021 22:37:47 PAGE 1   


C51 COMPILER V9.02, COMPILATION OF MODULE MAIN
OBJECT MODULE PLACED IN .\output\main.obj
COMPILER INVOKED BY: C:\Keil\C51\BIN\C51.EXE source\main.c OMF2 OPTIMIZE(9,SPEED) BROWSE DEBUG PRINT(.\lst\main.lst) OBJ
                    -ECT(.\output\main.obj)

line level    source

   1          #ifndef _MAIN_C_
   2          #define _MAIN_C_
   3          /*********************************************************************************************************
             -***********/
   4          #include "include/ca51f1_config.h"              
   5          #include "include/ca51f1sfr.h"
   6          #include "include/ca51f1xsfr.h"
   7          #include "include/gpiodef_f1.h"
   8          
   9          #include "include/system_clock.h"
  10          /*********************************************************************************************************
             -***********/
  11          
  12          void main(void)
  13          {       
  14   1      #if (SYSCLK_SRC == IRCH)
  15   1              Sys_Clk_Set_IRCH();                                                     //设置系统时钟为IRCH
  16   1              #ifdef SYSCLK_16MHZ                                                     //系统时钟为16MHz,设置CKDIV为0
                      CKDIV = 0;
                      #endif
  19   1      #elif (SYSCLK_SRC == IRCL)
                      Sys_Clk_Set_IRCL();                                                     //设置系统时钟为IRCL
              #endif
  22   1              while(1)
  23   1              {
  24   2              }
  25   1      }
  26          #endif


MODULE INFORMATION:   STATIC OVERLAYABLE
   CODE SIZE        =      5    ----
   CONSTANT SIZE    =   ----    ----
   XDATA SIZE       =   ----    ----
   PDATA SIZE       =   ----    ----
   DATA SIZE        =   ----    ----
   IDATA SIZE       =   ----    ----
   BIT SIZE         =   ----    ----
   EDATA SIZE       =   ----    ----
   HDATA SIZE       =   ----    ----
   XDATA CONST SIZE =   ----    ----
   FAR CONST SIZE   =   ----    ----
END OF MODULE INFORMATION.


C51 COMPILATION COMPLETE.  0 WARNING(S),  0 ERROR(S)
