C51 COMPILER V9.02   SYSTEM_CLOCK                                                          12/26/2021 22:37:48 PAGE 1   


C51 COMPILER V9.02, COMPILATION OF MODULE SYSTEM_CLOCK
OBJECT MODULE PLACED IN .\output\system_clock.obj
COMPILER INVOKED BY: C:\Keil\C51\BIN\C51.EXE source\system_clock.c OMF2 OPTIMIZE(9,SPEED) BROWSE DEBUG PRINT(.\lst\syste
                    -m_clock.lst) OBJECT(.\output\system_clock.obj)

line level    source

   1          #ifndef _SYSTEM_CLOCK_C_
   2          #define _SYSTEM_CLOCK_C_
   3          /*********************************************************************************************************
             -************/
   4          #include "include/ca51f1_config.h"              
   5          #include "include/ca51f1sfr.h"
   6          #include "include/ca51f1xsfr.h"
   7          #include "include/gpiodef_f1.h"
   8          #include "include/system_clock.h"
   9          /*********************************************************************************************************
             -************/
  10          void Delay_ms(unsigned int nms);
  11          
  12          /***********************************************************************************
  13          函数名  ：              Sys_Clk_Set_IRCH                                                                                        
  14          功能描述：              设置系统时钟为IRCH
  15          输入参数：              无
  16          返回值  ：              无
  17          ***********************************************************************************/
  18          void Sys_Clk_Set_IRCH(void)
  19          {
  20   1              CKCON |= IHCKE;                                                                                 //IRCH时钟使能
  21   1              CKCON = (CKCON&0xFE) | CKSEL_IRCH;      //系统时钟切换到IRCH
  22   1      }
  23          /***********************************************************************************/
  24          
  25          
  26          
  27          /***********************************************************************************
  28          函数名  ：              Sys_Clk_Set_IRCL                                                                                        
  29          功能描述：              设置系统时钟为IRCL
  30          输入参数：              无
  31          返回值  ：              无
  32          ***********************************************************************************/
  33          void Sys_Clk_Set_IRCL(void)
  34          {
  35   1              CKCON |= ILCKE;                                                                                 //IRCL时钟使能
  36   1              Delay_ms(1); //延时 1ms，等待 IRCL 时钟稳定
  37   1              CKCON = (CKCON&0xFE) | CKSEL_IRCL;      //系统时钟切换到IRCH
  38   1      }
  39          /***********************************************************************************/
  40          #endif


MODULE INFORMATION:   STATIC OVERLAYABLE
   CODE SIZE        =     26    ----
   CONSTANT SIZE    =   ----    ----
   XDATA SIZE       =   ----    ----
   PDATA SIZE       =   ----    ----
   DATA SIZE        =   ----    ----
   IDATA SIZE       =   ----    ----
   BIT SIZE         =   ----    ----
   EDATA SIZE       =   ----    ----
   HDATA SIZE       =   ----    ----
C51 COMPILER V9.02   SYSTEM_CLOCK                                                          12/26/2021 22:37:48 PAGE 2   

   XDATA CONST SIZE =   ----    ----
   FAR CONST SIZE   =   ----    ----
END OF MODULE INFORMATION.


C51 COMPILATION COMPLETE.  0 WARNING(S),  0 ERROR(S)
