C51 COMPILER V9.02   MAIN                                                                  05/10/2022 15:43:22 PAGE 1   


C51 COMPILER V9.02, COMPILATION OF MODULE MAIN
OBJECT MODULE PLACED IN .\output\main.obj
COMPILER INVOKED BY: C:\Keil\C51\BIN\C51.EXE source\main.c OMF2 BROWSE DEBUG PRINT(.\lst\main.lst) OBJECT(.\output\main.
                    -obj)

line level    source

   1          #ifndef _MAIN_C_
   2          #define _MAIN_C_
   3          /*********************************************************************************************************
             -************/
   4          #include "include/ca51f_config.h"               
   5          #include "include/ca51f3sfr.h"
   6          #include "include/ca51f3xsfr.h"
   7          #include "include/gpiodef_f3.h"
   8          #include "include/system_clock.h"
   9          
  10          #include "include/uart.h"
  11          #include "include/delay.h"
  12          #include <intrins.h>
  13          /*********************************************************************************************************
             -************/
  14          //寄存器T2CON定义
  15          #define TR2(N)   (N<<6)
  16          #define T2R(N)   (N<<4)   //N=0~3
  17          #define T2IE(N)  (N<<3)
  18          #define UCKS(N)  (N<<2)
  19          #define T2P(N)   (N)        //N=0~3
  20          
  21          //寄存器T2MOD定义
  22          #define TF2                      (1<<7)
  23          #define CF2                      (1<<6)
  24          #define RF2                      (1<<5)
  25          #define CCFG(N)  (N<<3)   //N=0~3
  26          #define T2M(N)   (N)              //N=0~3
  27          
  28          
  29          #define INT_TIME                        10000                   //定时时间，单位为us
  30          
  31          #define TH_VAL                          (unsigned char)((0x10000 - (INT_TIME*(FOSC/1000))/1000)>>8)
  32          #define TL_VAL                          (unsigned char)(0x10000 - (INT_TIME*(FOSC/1000))/1000)
  33          /*********************************************************************************************************
             -************/
  34          void TIMER2_ISR (void) interrupt 5 
  35          {
  36   1              if(T2MOD & TF2)           //定时器2溢出中断,当前设置为10ms产生
  37   1              {
  38   2                      T2MOD = (T2MOD&0x1F) | TF2;
  39   2                      TH2 = TH_VAL;                                                                           //设置计数初值
  40   2                      TL2 = TL_VAL;           
  41   2                      
  42   2              }
  43   1      }
  44          void main(void)
  45          {       
  46   1      #ifdef LVD_RST_ENABLE
  47   1              LVDCON = 0xE1;                                  //设置LVD复位电压为2V
  48   1      #endif
  49   1              
  50   1      #if (SYSCLK_SRC == PLL)
                      Sys_Clk_Set_PLL(PLL_Multiple);  //设置系统时钟为PLL，PLL_Multiple为倍频倍数
C51 COMPILER V9.02   MAIN                                                                  05/10/2022 15:43:22 PAGE 2   

              #endif
  53   1              
  54   1      #ifdef UART0_EN
                      Uart0_Initial_Timer1(UART0_BAUTRATE);   //初始化UART0
              #endif
  57   1              
  58   1      #ifdef UART1_EN
                      Uart1_Initial(UART1_BAUTRATE);  //初始化UART1
              #endif
  61   1      
  62   1              EA = 1;                                                                                                 //开全局中断
  63   1      
  64   1      #ifdef PRINT_EN
                      uart_printf("Timer2 Simple Demo Code\n");
              #endif
  67   1                 
  68   1              T2CON = TR2(0) | T2R(0) | T2IE(1) | UCKS(0) | T2P(0);   //设置定时器为重载模式0                                                                                                                                           
             -                                           
  69   1              T2MOD = CCFG(0) | T2M(0);                                                               //设置为定时计数模式
  70   1              TH2 = TH_VAL;                                                                                   //设置计数初值
  71   1              TL2 = TL_VAL;
  72   1              T2CON |= TR2(1);                                                                                //定时器2使能
  73   1              ET2 = 1;                                                                                        //定时器2中断使能
  74   1              while(1)
  75   1              {
  76   2              }
  77   1      }
  78          #endif
  79          
  80          


MODULE INFORMATION:   STATIC OVERLAYABLE
   CODE SIZE        =     51    ----
   CONSTANT SIZE    =   ----    ----
   XDATA SIZE       =   ----    ----
   PDATA SIZE       =   ----    ----
   DATA SIZE        =   ----    ----
   IDATA SIZE       =   ----    ----
   BIT SIZE         =   ----    ----
   EDATA SIZE       =   ----    ----
   HDATA SIZE       =   ----    ----
   XDATA CONST SIZE =   ----    ----
   FAR CONST SIZE   =   ----    ----
END OF MODULE INFORMATION.


C51 COMPILATION COMPLETE.  0 WARNING(S),  0 ERROR(S)
