C51 COMPILER V9.02   MAIN                                                                  12/26/2021 22:31:45 PAGE 1   


C51 COMPILER V9.02, COMPILATION OF MODULE MAIN
OBJECT MODULE PLACED IN .\output\main.obj
COMPILER INVOKED BY: C:\Keil\C51\BIN\C51.EXE source\main.c OMF2 OPTIMIZE(9,SPEED) BROWSE DEBUG PRINT(.\lst\main.lst) OBJ
                    -ECT(.\output\main.obj)

line level    source

   1          #ifndef _MAIN_C_
   2          #define _MAIN_C_
   3          /*********************************************************************************************************
             -************/
   4          #include "include/ca51f1_config.h"              
   5          #include "include/ca51f1sfr.h"
   6          #include "include/ca51f1xsfr.h"
   7          #include "include/gpiodef_f1.h"
   8          
   9          #include "include/system_clock.h"
  10          #include "include/delay.h"
  11          #include <intrins.h>
  12          /*********************************************************************************************************
             -************
  13                  引脚控制例程
  14          **********************************************************************************************************
             -***********/
  15          void main(void)
  16          {       
  17   1      #ifdef SYSCLK_16MHZ                                     //系统时钟为16MHz,设置CKDIV为0
                      CKDIV = 0;
              #endif
  20   1      
  21   1      /*
  22   1      备注：由于进入IDLE 后，主时钟仍是打开的，如果进入IDLE前主时钟是高速时钟，进
  23   1                入IDLE模式后功耗仍会很大，所以进入IDLE之前需要把主时钟切换到低速时钟。
  24   1      */
  25   1              Sys_Clk_Set_IRCL();             //系统时钟设为IRCL
  26   1              I2CCON = 0;                             //关闭I2C模块，因为I2C默认是使能的，如果I2C不关闭将无法关闭IRCH时钟      
  27   1              CKCON&=~IHCKE;                          //关闭IRCH时钟
  28   1              MECON |= (1<<6);                        //设置FLASH进入深度睡眠状态 
  29   1              while(IDLST&0x7F);                      //如果有中断未响应,等待中断被响应
  30   1              PCON |= 0x01;                           //进入IDLE模式 
  31   1              _nop_(); 
  32   1              _nop_(); 
  33   1              
  34   1              while(1)
  35   1              {
  36   2                      
  37   2              }
  38   1              
  39   1      }
  40          #endif


MODULE INFORMATION:   STATIC OVERLAYABLE
   CODE SIZE        =     29    ----
   CONSTANT SIZE    =   ----    ----
   XDATA SIZE       =   ----    ----
   PDATA SIZE       =   ----    ----
   DATA SIZE        =   ----    ----
   IDATA SIZE       =   ----    ----
   BIT SIZE         =   ----    ----
   EDATA SIZE       =   ----    ----
C51 COMPILER V9.02   MAIN                                                                  12/26/2021 22:31:45 PAGE 2   

   HDATA SIZE       =   ----    ----
   XDATA CONST SIZE =   ----    ----
   FAR CONST SIZE   =   ----    ----
END OF MODULE INFORMATION.


C51 COMPILATION COMPLETE.  0 WARNING(S),  0 ERROR(S)
