C51 COMPILER V9.02   MAIN                                                                  10/23/2021 16:00:10 PAGE 1   


C51 COMPILER V9.02, COMPILATION OF MODULE MAIN
OBJECT MODULE PLACED IN .\output\main.obj
COMPILER INVOKED BY: D:\Keil_v5\C51\BIN\C51.EXE source\main.c OMF2 BROWSE DEBUG PRINT(.\lst\main.lst) OBJECT(.\output\ma
                    -in.obj)

line level    source

   1          
   2          #ifndef _MAIN_C_
   3          #define _MAIN_C_
   4          /*********************************************************************************************************
             -************/
   5          #include "include/ca51f_config.h"               
   6          #include "include/ca51f3sfr.h"
   7          #include "include/ca51f3xsfr.h"
   8          #include "include/gpiodef_f3.h"
   9          #include "include/system_clock.h"
  10          
  11          #include "include/uart.h"
  12          #include "include/delay.h"
  13          #include "include/lcd_led.h"
  14          #include <intrins.h>
  15          /*********************************************************************************************************
             -************                        
  16                  本例程实现4com*9seg、1/3bias LCD显示功能，LCD时钟设置为XOSCL或IRCL，实现LCD最小电流模式。
  17          **********************************************************************************************************
             -***********/                        
  18          
  19          void main(void)
  20          {       
  21   1              unsigned char i;
  22   1      #if (SYSCLK_SRC == PLL)
                      Sys_Clk_Set_PLL(PLL_Multiple);  //设置系统时钟为PLL，PLL_Multiple为倍频倍数
              #endif
  25   1              
  26   1      #ifdef UART0_EN
                      Uart0_Initial(UART0_BAUTRATE);  //初始化UART0
              #endif
  29   1              
  30   1      #ifdef UART1_EN
                      Uart1_Initial(UART1_BAUTRATE);  //初始化UART1
              #endif
  33   1      
  34   1              EA = 1;                                                                                                 //开全局中断
  35   1      
  36   1      #ifdef PRINT_EN
                      uart_printf("LCD Power Saving Mode Demo Code\n");
              #endif
  39   1                      
  40   1              //初始化LCD驱动引脚
  41   1              P00F = P00_COM0_SETTING;
  42   1              P01F = P01_COM1_SETTING;
  43   1              P02F = P02_COM2_SETTING;
  44   1              P03F = P03_COM3_SETTING;         
  45   1             
  46   1              P17F = P17_SEG0_SETTING;
  47   1              P37F = P37_SEG1_SETTING; 
  48   1              P36F = P36_SEG2_SETTING;  
  49   1              P35F = P35_SEG3_SETTING; 
  50   1              P34F = P34_SEG4_SETTING;
  51   1              P07F = P07_SEG5_SETTING;
C51 COMPILER V9.02   MAIN                                                                  10/23/2021 16:00:10 PAGE 2   

  52   1              P06F = P06_SEG6_SETTING; 
  53   1              P05F = P05_SEG7_SETTING;
  54   1              P04F = P04_SEG8_SETTING;        
  55   1              
  56   1              
  57   1              //LCD RAM清零
  58   1              for(i = 0; i < 9; i++)
  59   1              {
  60   2                      INDEX = i;
  61   2                      LXDAT = 0;
  62   2              }
  63   1              
  64   1              P32F = P32_XOSC_IN_SETTING;                     //设置P32为晶振引脚
  65   1              P33F = P33_XOSC_OUT_SETTING;            //设置P33为晶振引脚
  66   1              CKCON |= XLCKE;                                                                 //使能XSOCL
  67   1              while(!(CKCON & XLSTA));                                //等待XSOCL稳定
  68   1              
  69   1      //      CKCON |= ILCKE;                                                                 //使能IRCL
  70   1      
  71   1              LXDIVH = 0;                             //设置LCD时钟分频，目标帧频率为64HZ
  72   1              LXDIVL = 0;     
  73   1              LXCAD = 0;
  74   1              LXCFG =  DMOD(DMOD_5ua) | BIAS(BIAS_1_3) | LDRV(LDRV_7);                        //设置LCD驱动电流、偏压(bias)、辉度
  75   1              LXCON =  LEN(LEN_XOSCL) | LMOD(LMOD_lcd);                                                                                       //设置LCD时钟源为XOSCL，选择LCD模式
  76   1      //      LXCON =  LEN(LEN_IRCL) | LMOD(LMOD_lcd);                                                                                //设置LCD时钟源为IRCL，选择LCD模式
  77   1              
  78   1              //设置LCD全显
  79   1              for(i = 0; i < 9; i++)
  80   1              {
  81   2                      INDEX = i;
  82   2                      LXDAT = 0xFF;
  83   2              }
  84   1              
  85   1              I2CCON = 0;                                                     //关闭I2C，否则系统时钟无法关闭
  86   1              CKCON = XLCKE;                                  //关闭除LCD时钟外的其他时钟
  87   1      //      CKCON = ILCKE;  
  88   1              PWCON &= ~0x08;                                 //LDO进入低功率模式
  89   1              PCON |= 0x02;                                           //进入STOP模式
  90   1              while(1)
  91   1              {
  92   2                      
  93   2                      
  94   2              }
  95   1      }
  96          #endif


MODULE INFORMATION:   STATIC OVERLAYABLE
   CODE SIZE        =    118    ----
   CONSTANT SIZE    =   ----    ----
   XDATA SIZE       =   ----    ----
   PDATA SIZE       =   ----    ----
   DATA SIZE        =   ----    ----
   IDATA SIZE       =   ----    ----
   BIT SIZE         =   ----    ----
   EDATA SIZE       =   ----    ----
   HDATA SIZE       =   ----    ----
   XDATA CONST SIZE =   ----    ----
   FAR CONST SIZE   =   ----    ----
END OF MODULE INFORMATION.


C51 COMPILATION COMPLETE.  0 WARNING(S),  0 ERROR(S)
