C51 COMPILER V9.02   MAIN                                                                  05/11/2022 23:41:51 PAGE 1   


C51 COMPILER V9.02, COMPILATION OF MODULE MAIN
OBJECT MODULE PLACED IN .\output\main.obj
COMPILER INVOKED BY: C:\Keil\C51\BIN\C51.EXE source\main.c OMF2 BROWSE DEBUG PRINT(.\lst\main.lst) OBJECT(.\output\main.
                    -obj)

line level    source

   1          #ifndef _MAIN_C_
   2          #define _MAIN_C_
   3          /*********************************************************************************************************
             -************/
   4          #include "include/ca51f_config.h"               
   5          #include "include/ca51f3sfr.h"
   6          #include "include/ca51f3xsfr.h"
   7          #include "include/gpiodef_f3.h"
   8          #include "include/system_clock.h"
   9          
  10          #include "include/uart.h"
  11          #include "include/delay.h"
  12          #include <intrins.h>
  13          /*********************************************************************************************************
             -************/
  14          //寄存器T2CON定义
  15          #define TR2(N)   (N<<6)
  16          #define T2R(N)   (N<<4)         //N=0~3
  17          #define T2IE(N)  (N<<3)
  18          #define UCKS(N)  (N<<2)
  19          #define T2P(N)   (N)        //N=0~3
  20          
  21          //寄存器T2MOD定义
  22          #define TF2              (1<<7)
  23          #define CF2              (1<<6)
  24          #define RF2              (1<<5)
  25          #define CCFG(N)  (N<<3)         //N=0~3
  26          #define T2M(N)   (N)            //N=0~3
  27          
  28          /*********************************************************************************************************
             -************/
  29          void main(void)
  30          {       
  31   1      #ifdef LVD_RST_ENABLE
  32   1              LVDCON = 0xE1;                                  //设置LVD复位电压为2V
  33   1      #endif
  34   1              
  35   1      #if (SYSCLK_SRC == PLL)
                      Sys_Clk_Set_PLL(PLL_Multiple);  //设置系统时钟为PLL，PLL_Multiple为倍频倍数
              #endif
  38   1              
  39   1      #ifdef UART0_EN
                      Uart0_Initial_Timer1(UART0_BAUTRATE);   //初始化UART0
              #endif
  42   1              
  43   1      #ifdef UART1_EN
                      Uart1_Initial(UART1_BAUTRATE);  //初始化UART1
              #endif
  46   1      
  47   1              EA = 1;                                                                                                 //开全局中断
  48   1      
  49   1      #ifdef PRINT_EN
                      uart_printf("Timer2 Compare Mode Demo Code\n");
              #endif
C51 COMPILER V9.02   MAIN                                                                  05/11/2022 23:41:51 PAGE 2   

  52   1                 
  53   1              P36F = P36_T2CP_SETTING;                //比较输出引脚初始化
  54   1              T2CON = TR2(0) | T2R(0) | T2IE(0) | UCKS(0) | T2P(0);                                                                                                                                                                                   
             -                        
  55   1              T2MOD = CCFG(2) | T2M(1);               //设置为比较模式
  56   1               
  57   1              T2CH = 0x80;                                    //T2C值越小，T2CP输出占空比越大。
  58   1              T2CL = 0x00;
  59   1              TH2=0;                                          //计数初值
  60   1              TL2=0;                    
  61   1              T2CON |= TR2(1);                                //定时器2启动
  62   1      
  63   1              while(1)
  64   1              {
  65   2              }
  66   1      }
  67          
  68          
  69          #endif
  70          
  71          


MODULE INFORMATION:   STATIC OVERLAYABLE
   CODE SIZE        =     31    ----
   CONSTANT SIZE    =   ----    ----
   XDATA SIZE       =   ----    ----
   PDATA SIZE       =   ----    ----
   DATA SIZE        =   ----    ----
   IDATA SIZE       =   ----    ----
   BIT SIZE         =   ----    ----
   EDATA SIZE       =   ----    ----
   HDATA SIZE       =   ----    ----
   XDATA CONST SIZE =   ----    ----
   FAR CONST SIZE   =   ----    ----
END OF MODULE INFORMATION.


C51 COMPILATION COMPLETE.  0 WARNING(S),  0 ERROR(S)
