C51 COMPILER V9.02   MAIN                                                                  12/26/2021 22:45:14 PAGE 1   


C51 COMPILER V9.02, COMPILATION OF MODULE MAIN
OBJECT MODULE PLACED IN .\output\main.obj
COMPILER INVOKED BY: C:\Keil\C51\BIN\C51.EXE source\main.c OMF2 OPTIMIZE(9,SPEED) BROWSE DEBUG PRINT(.\lst\main.lst) OBJ
                    -ECT(.\output\main.obj)

line level    source

   1          #ifndef _MAIN_C_
   2          #define _MAIN_C_
   3          /*********************************************************************************************************
             -************/
   4          #include "include/ca51f1_config.h"              
   5          #include "include/ca51f1sfr.h"
   6          #include "include/ca51f1xsfr.h"
   7          #include "include/gpiodef_f1.h"
   8          
   9          #include "include/uart.h"
  10          #include "include/delay.h"
  11          #include <intrins.h>
  12          /*********************************************************************************************************
             -************
  13                  TMC定时器的时钟源为IRCL，中断的最小单位为512个IRCL时钟周期，可配置中断时间为1~256个最小单位时间。
  14                  在STOP/IDLE模式下，TMC中断可唤醒CPU
  15          **********************************************************************************************************
             -***********/
  16          #define TME(N)          (N<<7) //N=0-1 
  17          #define TMF             (1<<0) 
  18          #define IHCKE           (1<<7) 
  19          #define ILCKE           (1<<6) 
  20          void INT3_ISR (void) interrupt 5 
  21          { 
  22   1              if(TMCON & TMF)         //判断TMC中断标志 
  23   1              { 
  24   2                      TMCON |= TMF;   //清除TMC中断标志 
  25   2                      
  26   2              } 
  27   1      }
  28          void main(void)
  29          {       
  30   1      #ifdef SYSCLK_16MHZ                                     //系统时钟为16MHz,设置CKDIV为0
                      CKDIV = 0;
              #endif
  33   1      
  34   1      #ifdef UART_EN
                      Uart_Initial(UART_BAUTRATE);    //初始化UART
              #endif
  37   1              
  38   1              EA = 1;                                                 //开全局中断
  39   1      
  40   1      #ifdef PRINT_EN
                      uart_printf("TMC Timer Demo Code\n");
              #endif
  43   1              
  44   1              CKCON |= ILCKE;         //打开IRCL时钟 
  45   1              TMCON = TME(1);         //TMC使能 
  46   1              TMSNU = 0;                      //设置1个最小单位时间（即512个IRCL时钟周期）产生中断 
  47   1              INT3EN =1;                      //开启TMC中断
  48   1              
  49   1              while(1)
  50   1              {
  51   2              }
C51 COMPILER V9.02   MAIN                                                                  12/26/2021 22:45:14 PAGE 2   

  52   1      }
  53          #endif


MODULE INFORMATION:   STATIC OVERLAYABLE
   CODE SIZE        =     31    ----
   CONSTANT SIZE    =   ----    ----
   XDATA SIZE       =   ----    ----
   PDATA SIZE       =   ----    ----
   DATA SIZE        =   ----    ----
   IDATA SIZE       =   ----    ----
   BIT SIZE         =   ----    ----
   EDATA SIZE       =   ----    ----
   HDATA SIZE       =   ----    ----
   XDATA CONST SIZE =   ----    ----
   FAR CONST SIZE   =   ----    ----
END OF MODULE INFORMATION.


C51 COMPILATION COMPLETE.  0 WARNING(S),  0 ERROR(S)
