C51 COMPILER V9.54   WDT                                                                   05/22/2019 10:18:09 PAGE 1   


C51 COMPILER V9.54, COMPILATION OF MODULE WDT
OBJECT MODULE PLACED IN .\output\wdt.obj
COMPILER INVOKED BY: C:\Keil_v5\C51\BIN\C51.EXE source\wdt.c OMF2 OPTIMIZE(8,SPEED) BROWSE DEBUG PRINT(.\lst\wdt.lst) OB
                    -JECT(.\output\wdt.obj)

line level    source

   1          #ifndef _WDT_C_
   2          #define _WDT_C_
   3          /*********************************************************************************************************
             -************/
   4          #include "include/ca51f_config.h"               
   5          #include "include/ca51f3sfr.h"
   6          #include "include/ca51f3xsfr.h"
   7          #include "include/gpiodef_f3.h"
   8          #include "include/system_clock.h"
   9          
  10          #include "include/uart.h"
  11          #include "include/wdt.h"
  12          #include "include/delay.h"
  13          #include <intrins.h>
  14          /*********************************************************************************************************
             -************/
  15          /*****************************************************************************
  16          函数名：WDT_init
  17          功能描述：初始化看门狗
  18          输入参数：wdts          看门狗时钟源设置
  19                                                  wdre            看门狗模式设置
  20                                                  wdtch           看门狗时间设置
  21          返回值： 无
  22          ******************************************************************************/
  23          void WDT_init(WDTS_TypeDef wdts,WDRE_TypeDef wdre,unsigned int wdtvh)
  24          {
  25   1              WDCON = WDTS(wdts) | WDRE(wdre);
  26   1              WDVTHH = (unsigned char)(wdtvh>>8);
  27   1              WDVTHL = (unsigned char)(wdtvh);        
  28   1      }
  29          
  30          /*****************************************************************************
  31          函数名：WDT_FeedDog
  32          功能描述：刷新看门狗
  33          输入参数：无
  34          返回值： 无
  35          ******************************************************************************/
  36          void WDT_FeedDog(void)
  37          {
  38   1              WDFLG = 0xA5;
  39   1      }
  40          /*********************************************************************************************************
             -************/
  41          #endif


MODULE INFORMATION:   STATIC OVERLAYABLE
   CODE SIZE        =     17    ----
   CONSTANT SIZE    =   ----    ----
   XDATA SIZE       =   ----    ----
   PDATA SIZE       =   ----    ----
   DATA SIZE        =   ----    ----
   IDATA SIZE       =   ----    ----
   BIT SIZE         =   ----    ----
C51 COMPILER V9.54   WDT                                                                   05/22/2019 10:18:09 PAGE 2   

   EDATA SIZE       =   ----    ----
   HDATA SIZE       =   ----    ----
   XDATA CONST SIZE =   ----    ----
   FAR CONST SIZE   =   ----    ----
END OF MODULE INFORMATION.


C51 COMPILATION COMPLETE.  0 WARNING(S),  0 ERROR(S)
