C51 COMPILER V9.02   MAIN                                                                  12/26/2021 22:42:02 PAGE 1   


C51 COMPILER V9.02, COMPILATION OF MODULE MAIN
OBJECT MODULE PLACED IN .\output\main.obj
COMPILER INVOKED BY: C:\Keil\C51\BIN\C51.EXE source\main.c OMF2 OPTIMIZE(9,SPEED) BROWSE DEBUG PRINT(.\lst\main.lst) OBJ
                    -ECT(.\output\main.obj)

line level    source

   1          #ifndef _MAIN_C_
   2          #define _MAIN_C_
   3          /*********************************************************************************************************
             -************/
   4          #include "include/ca51f1_config.h"              
   5          #include "include/ca51f1sfr.h"
   6          #include "include/ca51f1xsfr.h"
   7          #include "include/gpiodef_f1.h"
   8          
   9          #include "include/uart.h"
  10          #include "include/delay.h"
  11          #include <intrins.h>
  12          /*********************************************************************************************************
             -************/
  13          
  14          #define INT_TIME                        10000                   //定时时间，单位为us
  15          
  16          #define TH_VAL                          (unsigned char)((0x10000 - (INT_TIME*(FOSC/1000))/12000)>>8)
  17          #define TL_VAL                          (unsigned char)(0x10000 - (INT_TIME*(FOSC/1000))/12000)
  18          
  19          void TIMER1_ISR (void) interrupt 3                      //每10ms中断一次
  20          {
  21   1              TH1 = TH_VAL;
  22   1              TL1 = TL_VAL;
  23   1              
  24   1      }
  25          void main(void)
  26          {       
  27   1      #ifdef SYSCLK_16MHZ                                     //系统时钟为16MHz,设置CKDIV为0
                      CKDIV = 0;
              #endif
  30   1      
  31   1      #ifdef UART_EN
                      Uart_Initial(UART_BAUTRATE);    //初始化UART
              #endif
  34   1              
  35   1              EA = 1;                                                 //开全局中断
  36   1      
  37   1      #ifdef PRINT_EN
                      uart_printf("Timer1 Mode1 Demo Code\n");
              #endif
  40   1              
  41   1      
  42   1              TMOD = (TMOD&0xCF)|0x10;                //模式选择: 定时器1，模式1。
  43   1              TH1 = TH_VAL;                                   //高8位装初值
  44   1              TL1 = TL_VAL;                                   //低8位装初值
  45   1              
  46   1              TR1 = 1;                                        //定时器1使能  
  47   1              ET1 = 1;                                        //定时器1中断使能
  48   1              
  49   1              while(1)
  50   1              {
  51   2              }
  52   1      }
C51 COMPILER V9.02   MAIN                                                                  12/26/2021 22:42:02 PAGE 2   

  53          #endif


MODULE INFORMATION:   STATIC OVERLAYABLE
   CODE SIZE        =     32    ----
   CONSTANT SIZE    =   ----    ----
   XDATA SIZE       =   ----    ----
   PDATA SIZE       =   ----    ----
   DATA SIZE        =   ----    ----
   IDATA SIZE       =   ----    ----
   BIT SIZE         =   ----    ----
   EDATA SIZE       =   ----    ----
   HDATA SIZE       =   ----    ----
   XDATA CONST SIZE =   ----    ----
   FAR CONST SIZE   =   ----    ----
END OF MODULE INFORMATION.


C51 COMPILATION COMPLETE.  0 WARNING(S),  0 ERROR(S)
