C51 COMPILER V9.02   MAIN                                                                  12/26/2021 22:46:22 PAGE 1   


C51 COMPILER V9.02, COMPILATION OF MODULE MAIN
OBJECT MODULE PLACED IN .\output\main.obj
COMPILER INVOKED BY: C:\Keil\C51\BIN\C51.EXE source\main.c OMF2 OPTIMIZE(9,SPEED) BROWSE DEBUG PRINT(.\lst\main.lst) OBJ
                    -ECT(.\output\main.obj)

line level    source

   1          #ifndef _MAIN_C_
   2          #define _MAIN_C_
   3          /*********************************************************************************************************
             -************/
   4          #include "include/ca51f1_config.h"              
   5          #include "include/ca51f1sfr.h"
   6          #include "include/ca51f1xsfr.h"
   7          #include "include/gpiodef_f1.h"
   8          
   9          #include "include/uart.h"
  10          #include "include/delay.h"
  11          #include <intrins.h>
  12          
  13          /*********************************************************************************************************
             -************
  14                  串口接收数据的控制例程
  15          **********************************************************************************************************
             -************/
  16          void main(void)
  17          {       
  18   1              unsigned char rxd_dat;
  19   1      #ifdef LVD_RST_ENABLE
  20   1              LVDCON = 0xE0;                                  //设置LVD复位电压为2.7V
  21   1      #endif
  22   1      
  23   1      #ifdef SYSCLK_16MHZ                                     //系统时钟为16MHz,设置CKDIV为0
                      CKDIV = 0;
              #endif
  26   1      
  27   1      #ifdef UART_EN
  28   1              Uart_Initial(UART_BAUTRATE);    //初始化UART
  29   1      #endif
  30   1              
  31   1              EA = 1;                                                 //开全局中断
  32   1      
  33   1              while(1)
  34   1              {
  35   2      #ifdef UART_EN
  36   2                      if(uart_rev.head!=uart_rev.tail)
  37   2                      {
  38   3                              if(uart_rev.tail==UART_RX_BUF_SIZE-1)
  39   3                              {
  40   4                                      uart_rev.tail=0;
  41   4                              }
  42   3                              else
  43   3                              {
  44   4                                      uart_rev.tail++;
  45   4                              }               
  46   3                              rxd_dat = uart_rx_buf[uart_rev.tail];
  47   3                                                      
  48   3                              Uart_PutChar(rxd_dat);
  49   3                      }
  50   2      #endif                          
  51   2              }
C51 COMPILER V9.02   MAIN                                                                  12/26/2021 22:46:22 PAGE 2   

  52   1      }
  53          #endif


MODULE INFORMATION:   STATIC OVERLAYABLE
   CODE SIZE        =     51    ----
   CONSTANT SIZE    =   ----    ----
   XDATA SIZE       =   ----    ----
   PDATA SIZE       =   ----    ----
   DATA SIZE        =   ----       1
   IDATA SIZE       =   ----    ----
   BIT SIZE         =   ----    ----
   EDATA SIZE       =   ----    ----
   HDATA SIZE       =   ----    ----
   XDATA CONST SIZE =   ----    ----
   FAR CONST SIZE   =   ----    ----
END OF MODULE INFORMATION.


C51 COMPILATION COMPLETE.  0 WARNING(S),  0 ERROR(S)
