C51 COMPILER V9.02   MAIN                                                                  10/23/2021 16:01:19 PAGE 1   


C51 COMPILER V9.02, COMPILATION OF MODULE MAIN
OBJECT MODULE PLACED IN .\output\main.obj
COMPILER INVOKED BY: D:\Keil_v5\C51\BIN\C51.EXE source\main.c OMF2 BROWSE DEBUG PRINT(.\lst\main.lst) OBJECT(.\output\ma
                    -in.obj)

line level    source

   1          
   2          #ifndef _MAIN_C_
   3          #define _MAIN_C_
   4          /*********************************************************************************************************
             -************/
   5          #include "include/ca51f_config.h"               
   6          #include "include/ca51f3sfr.h"
   7          #include "include/ca51f3xsfr.h"
   8          #include "include/gpiodef_f3.h"
   9          #include "include/system_clock.h"
  10          
  11          #include "include/uart.h"
  12          #include "include/delay.h"
  13          #include "include/lcd_led.h"
  14          #include <intrins.h>
  15          /*********************************************************************************************************
             -************                        
  16                  本例程实现4com*9seg LED显示功能。
  17          **********************************************************************************************************
             -***********/                        
  18          
  19          void main(void)
  20          {       
  21   1              unsigned char i;
  22   1      #ifdef LVD_RST_ENABLE
  23   1              LVDCON = 0xE1;                                  //设置LVD复位电压为2V
  24   1      #endif
  25   1      
  26   1      #if (SYSCLK_SRC == PLL)
                      Sys_Clk_Set_PLL(PLL_Multiple);  //设置系统时钟为PLL，PLL_Multiple为倍频倍数
              #endif
  29   1              
  30   1      #ifdef UART0_EN
                      Uart0_Initial(UART0_BAUTRATE);  //初始化UART0
              #endif
  33   1              
  34   1      #ifdef UART1_EN
                      Uart1_Initial(UART1_BAUTRATE);  //初始化UART1
              #endif
  37   1      
  38   1              EA = 1;                                                                                                 //开全局中断
  39   1      
  40   1      #ifdef PRINT_EN
                      uart_printf("LED Demo Code\n");
              #endif
  43   1      
  44   1              
  45   1              
  46   1              //初始化LED驱动引脚
  47   1              P00F = P00_COM0_SETTING;                        //设置P00为COM0
  48   1              P00C |= 0x80;                                                                   //设置P00为高灌电流模式
  49   1              
  50   1              P01F = P01_COM1_SETTING;                        //设置P01为COM1
  51   1              P01C |= 0x80;                                                                   //设置P01为高灌电流模式
C51 COMPILER V9.02   MAIN                                                                  10/23/2021 16:01:19 PAGE 2   

  52   1              
  53   1              P02F = P02_COM2_SETTING;                        //设置P02为COM2
  54   1              P02C |= 0x80;                                                                   //设置P02为高灌电流模式
  55   1              
  56   1              P03F = P03_COM3_SETTING;                        //设置P03为COM3
  57   1              P03C |= 0x80;                                                                   //设置P03为高灌电流模式
  58   1             
  59   1                               
  60   1              //设置引脚为SEG功能
  61   1              P17F = P17_SEG0_SETTING;
  62   1              P37F = P37_SEG1_SETTING; 
  63   1              P36F = P36_SEG2_SETTING;  
  64   1              P35F = P35_SEG3_SETTING; 
  65   1              P34F = P34_SEG4_SETTING;
  66   1              P07F = P07_SEG5_SETTING;
  67   1              P06F = P06_SEG6_SETTING; 
  68   1              P05F = P05_SEG7_SETTING;
  69   1              P04F = P04_SEG8_SETTING;        
  70   1              
  71   1              //LED RAM清零
  72   1              for(i = 0; i < 9; i++)
  73   1              {
  74   2                      INDEX = i;
  75   2                      LXDAT = 0;
  76   2              }
  77   1      
  78   1              LXDIVH = 0;                                             //设置LED时钟分频
  79   1              LXDIVL = 112;   
  80   1              LXCFG =  COMHV(COM_L) | SEGHV(SEG_H) | BLNK(0) | LDRV(LDRV_7);          //设置LED COM、SEG有效电平，亮度级别
  81   1              LXCON =  LEN(LEN_IRCH) | LMOD(LMOD_led);                                                                                                        //设置LED时钟源，选择LED模式
  82   1              
  83   1              //设置LCD全显
  84   1              for(i = 0; i < 9; i++)
  85   1              {
  86   2                      INDEX = i;
  87   2                      LXDAT = 0xFF;
  88   2              }
  89   1              while(1)
  90   1              {
  91   2              }
  92   1      }
  93          #endif


MODULE INFORMATION:   STATIC OVERLAYABLE
   CODE SIZE        =    132    ----
   CONSTANT SIZE    =   ----    ----
   XDATA SIZE       =   ----    ----
   PDATA SIZE       =   ----    ----
   DATA SIZE        =   ----    ----
   IDATA SIZE       =   ----    ----
   BIT SIZE         =   ----    ----
   EDATA SIZE       =   ----    ----
   HDATA SIZE       =   ----    ----
   XDATA CONST SIZE =   ----    ----
   FAR CONST SIZE   =   ----    ----
END OF MODULE INFORMATION.


C51 COMPILATION COMPLETE.  0 WARNING(S),  0 ERROR(S)
